1720795762823	geckodriver	INFO	Listening on 127.0.0.1:51353
1720795765899	mozrunner::runner	INFO	Running command: "C:\\Program Files\\Mozilla Firefox\\firefox.exe" "--marionette" "--remote-debugging-port" "51354" "--remote-allow-hosts" "localhost" "-no-remote" "-profile" "C:\\Users\\rodri\\AppData\\Local\\Temp\\rust_mozprofilecl1Ujd"
console.warn: services.settings: Ignoring preference override of remote settings server
console.warn: services.settings: Allow by setting MOZ_REMOTE_SETTINGS_DEVTOOLS=1 in the environment
Dynamically enable window occlusion 0
1720795766229	Marionette	INFO	Marionette enabled
1720795766338	Marionette	INFO	Listening on port 51361
WebDriver BiDi listening on ws://127.0.0.1:51354
Read port: 51361
1720795766600	RemoteAgent	WARN	TLS certificate errors will be ignored for this session
DevTools listening on ws://127.0.0.1:51354/devtools/browser/e2e4fca4-8015-44a9-9841-a4fbc5e35b0e
JavaScript warning: https://www.amazon.fr/, line 2000: WEBGL_debug_renderer_info is deprecated in Firefox and will be removed. Please use RENDERER.
JavaScript warning: https://m.media-amazon.com/images/I/81IRhb3ysdL.js?AUIClients/FWCIMAssets, line 298: WEBGL_debug_renderer_info is deprecated in Firefox and will be removed. Please use RENDERER.
1720795792539	Marionette	INFO	Stopped listening on port 51361
Dynamically enable window occlusion 1
JavaScript error: resource://devtools/server/connectors/js-process-actor/ContentProcessWatcherRegistry.sys.mjs, line 394: NotFoundError: No such JSProcessActor 'DevToolsProcess'
JavaScript error: resource://devtools/server/connectors/js-process-actor/ContentProcessWatcherRegistry.sys.mjs, line 394: NotFoundError: No such JSProcessActor 'DevToolsProcess'
JavaScript error: resource://devtools/server/connectors/js-process-actor/ContentProcessWatcherRegistry.sys.mjs, line 394: NotFoundError: No such JSProcessActor 'DevToolsProcess'
JavaScript error: resource://devtools/server/connectors/js-process-actor/ContentProcessWatcherRegistry.sys.mjs, line 394: NotFoundError: No such JSProcessActor 'DevToolsProcess'
JavaScript error: resource://devtools/server/connectors/js-process-actor/ContentProcessWatcherRegistry.sys.mjs, line 394: NotFoundError: No such JSProcessActor 'DevToolsProcess'
JavaScript error: resource://devtools/server/connectors/js-process-actor/ContentProcessWatcherRegistry.sys.mjs, line 394: NotFoundError: No such JSProcessActor 'DevToolsProcess'
console.warn: "Async method failed in safeAsyncMethod" (new Error("Connection closed, pending request to server0.conn0.process3//customhighlighter60, type hide failed\n\nRequest stack:\nrequest@resource://devtools/shared/protocol/Front.js:299:14\ngenerateRequestMethods/</frontProto[name]@resource://devtools/shared/protocol/Front/FrontClassWithSpec.js:47:19\nhide@resource://devtools/client/fronts/highlighters.js:36:18\nexports.safeAsyncMethod/<@resource://devtools/shared/async-utils.js:61:25\nhideHighlighterType@resource://devtools/client/inspector/shared/highlighters-overlay.js:650:23\nexports.safeAsyncMethod/<@resource://devtools/shared/async-utils.js:61:25\n_hideBoxModel@resource://devtools/client/inspector/markup/markup.js:794:40\n_onMouseOut@resource://devtools/client/inspector/markup/markup.js:762:16\nobserve@resource://gre/modules/AsyncShutdown.sys.mjs:569:17\nquit@chrome://remote/content/shared/Browser.sys.mjs:94:22\nGeckoDriver.prototype.quit@chrome://remote/content/marionette/driver.sys.mjs:2954:42\ndespatch@chrome://remote/content/marionette/server.sys.mjs:318:40\nexecute@chrome://remote/content/marionette/server.sys.mjs:289:16\nonPacket/<@chrome://remote/content/marionette/server.sys.mjs:262:20\nonPacket@chrome://remote/content/marionette/server.sys.mjs:263:9\n_onJSONObjectReady/<@chrome://remote/content/marionette/transport.sys.mjs:494:20\n", "resource://devtools/shared/protocol/Front.js", 105))
JavaScript error: resource://devtools/server/connectors/js-process-actor/ContentProcessWatcherRegistry.sys.mjs, line 394: NotFoundError: No such JSProcessActor 'DevToolsProcess'
JavaScript error: , line 0: NotFoundError: No such JSProcessActor 'DevToolsProcess'
JavaScript error: , line 0: NotFoundError: No such JSProcessActor 'DevToolsProcess'
JavaScript error: , line 0: NotFoundError: No such JSProcessActor 'DevToolsProcess'
JavaScript error: , line 0: NotFoundError: No such JSProcessActor 'DevToolsProcess'
JavaScript error: , line 0: NotFoundError: No such JSProcessActor 'DevToolsProcess'
JavaScript error: , line 0: NotFoundError: No such JSProcessActor 'DevToolsProcess'
JavaScript error: , line 0: NotFoundError: No such JSProcessActor 'DevToolsProcess'
JavaScript error: , line 0: NotFoundError: No such JSProcessActor 'DevToolsProcess'
